{"/home/florian/Documents/softozor/chassotrezor/src/boot/firebase.js": {"path":"/home/florian/Documents/softozor/chassotrezor/src/boot/firebase.js","statementMap":{"0":{"start":{"line":7,"column":23},"end":{"line":16,"column":1}},"1":{"start":{"line":18,"column":25},"end":{"line":18,"column":63}},"2":{"start":{"line":21,"column":0},"end":{"line":21,"column":42}},"3":{"start":{"line":23,"column":0},"end":{"line":23,"column":76}},"4":{"start":{"line":24,"column":0},"end":{"line":24,"column":43}}},"fnMap":{},"branchMap":{},"s":{"0":0,"1":0,"2":0,"3":0,"4":0},"f":{},"b":{},"hash":"de8e9fe9c8c35d47550269ceb21f745a70cc3055"}
,"/home/florian/Documents/softozor/chassotrezor/src/boot/i18n.js": {"path":"/home/florian/Documents/softozor/chassotrezor/src/boot/i18n.js","statementMap":{"0":{"start":{"line":5,"column":0},"end":{"line":5,"column":16}},"1":{"start":{"line":7,"column":13},"end":{"line":11,"column":2}},"2":{"start":{"line":15,"column":2},"end":{"line":15,"column":17}}},"fnMap":{"0":{"name":"(anonymous_0)","decl":{"start":{"line":13,"column":15},"end":{"line":13,"column":16}},"loc":{"start":{"line":13,"column":28},"end":{"line":16,"column":1}},"line":13}},"branchMap":{},"s":{"0":0,"1":0,"2":0},"f":{"0":0},"b":{},"hash":"ca8795a73f95c47dd5c4866399e2d362f085b71b"}
,"/home/florian/Documents/softozor/chassotrezor/src/i18n/index.js": {"path":"/home/florian/Documents/softozor/chassotrezor/src/i18n/index.js","statementMap":{},"fnMap":{},"branchMap":{},"s":{},"f":{},"b":{},"hash":"ce89cd12ab91e1bb430e4a5613a70902dbf85fcf"}
,"/home/florian/Documents/softozor/chassotrezor/src/i18n/en-us/index.js": {"path":"/home/florian/Documents/softozor/chassotrezor/src/i18n/en-us/index.js","statementMap":{},"fnMap":{},"branchMap":{},"s":{},"f":{},"b":{},"hash":"d60ec4444a7ae9a241992728a75e8634e020eb31"}
,"/home/florian/Documents/softozor/chassotrezor/src/layouts/Layout.vue": {"path":"/home/florian/Documents/softozor/chassotrezor/src/layouts/Layout.vue","statementMap":{"0":{"start":{"line":40,"column":0},"end":{"line":40,"column":null}}},"fnMap":{"0":{"name":"data","decl":{"start":{"line":39,"column":0},"end":{"line":39,"column":null}},"loc":{"start":{"line":39,"column":0},"end":{"line":43,"column":null}}}},"branchMap":{},"s":{"0":0},"f":{"0":0},"b":{}}
,"/home/florian/Documents/softozor/chassotrezor/src/router/index.js": {"path":"/home/florian/Documents/softozor/chassotrezor/src/router/index.js","statementMap":{"0":{"start":{"line":6,"column":0},"end":{"line":6,"column":18}},"1":{"start":{"line":18,"column":17},"end":{"line":27,"column":4}},"2":{"start":{"line":19,"column":27},"end":{"line":19,"column":41}},"3":{"start":{"line":29,"column":2},"end":{"line":29,"column":15}}},"fnMap":{"0":{"name":"(anonymous_0)","decl":{"start":{"line":17,"column":15},"end":{"line":17,"column":16}},"loc":{"start":{"line":17,"column":54},"end":{"line":30,"column":1}},"line":17},"1":{"name":"(anonymous_1)","decl":{"start":{"line":19,"column":20},"end":{"line":19,"column":21}},"loc":{"start":{"line":19,"column":27},"end":{"line":19,"column":41}},"line":19}},"branchMap":{},"s":{"0":0,"1":0,"2":0,"3":0},"f":{"0":0,"1":0},"b":{},"hash":"dbb435f99f065902b8187e981830237372c3ea9e"}
,"/home/florian/Documents/softozor/chassotrezor/src/router/routes.js": {"path":"/home/florian/Documents/softozor/chassotrezor/src/router/routes.js","statementMap":{"0":{"start":{"line":2,"column":15},"end":{"line":10,"column":1}},"1":{"start":{"line":5,"column":21},"end":{"line":5,"column":49}},"2":{"start":{"line":7,"column":35},"end":{"line":7,"column":60}},"3":{"start":{"line":13,"column":0},"end":{"line":18,"column":1}},"4":{"start":{"line":14,"column":2},"end":{"line":17,"column":4}},"5":{"start":{"line":16,"column":21},"end":{"line":16,"column":49}}},"fnMap":{"0":{"name":"(anonymous_0)","decl":{"start":{"line":5,"column":15},"end":{"line":5,"column":16}},"loc":{"start":{"line":5,"column":21},"end":{"line":5,"column":49}},"line":5},"1":{"name":"(anonymous_1)","decl":{"start":{"line":7,"column":29},"end":{"line":7,"column":30}},"loc":{"start":{"line":7,"column":35},"end":{"line":7,"column":60}},"line":7},"2":{"name":"(anonymous_2)","decl":{"start":{"line":16,"column":15},"end":{"line":16,"column":16}},"loc":{"start":{"line":16,"column":21},"end":{"line":16,"column":49}},"line":16}},"branchMap":{"0":{"loc":{"start":{"line":13,"column":0},"end":{"line":18,"column":1}},"type":"if","locations":[{"start":{"line":13,"column":0},"end":{"line":18,"column":1}},{"start":{"line":13,"column":0},"end":{"line":18,"column":1}}],"line":13}},"s":{"0":0,"1":0,"2":0,"3":0,"4":0,"5":0},"f":{"0":0,"1":0,"2":0},"b":{"0":[0,0]},"hash":"4126eb0b7d7a8a99d8df7f7908c06febfe7b3571"}
,"/home/florian/Documents/softozor/chassotrezor/src/store/index.js": {"path":"/home/florian/Documents/softozor/chassotrezor/src/store/index.js","statementMap":{"0":{"start":{"line":6,"column":0},"end":{"line":6,"column":13}},"1":{"start":{"line":18,"column":16},"end":{"line":26,"column":4}},"2":{"start":{"line":28,"column":2},"end":{"line":28,"column":14}}},"fnMap":{"0":{"name":"(anonymous_0)","decl":{"start":{"line":17,"column":15},"end":{"line":17,"column":16}},"loc":{"start":{"line":17,"column":47},"end":{"line":29,"column":1}},"line":17}},"branchMap":{},"s":{"0":0,"1":0,"2":0},"f":{"0":0},"b":{},"hash":"9a35660caa2f183e365550318b6bc158c9319deb"}
,"/home/florian/Documents/softozor/chassotrezor/src/store/module-example/actions.js": {"path":"/home/florian/Documents/softozor/chassotrezor/src/store/module-example/actions.js","statementMap":{},"fnMap":{"0":{"name":"someAction","decl":{"start":{"line":1,"column":16},"end":{"line":1,"column":26}},"loc":{"start":{"line":1,"column":43},"end":{"line":2,"column":1}},"line":1}},"branchMap":{},"s":{},"f":{"0":0},"b":{},"hash":"7d071967e9f46ef5376ae85a1af4dd5d6f20a6df"}
,"/home/florian/Documents/softozor/chassotrezor/src/store/module-example/getters.js": {"path":"/home/florian/Documents/softozor/chassotrezor/src/store/module-example/getters.js","statementMap":{},"fnMap":{"0":{"name":"someGetter","decl":{"start":{"line":1,"column":16},"end":{"line":1,"column":26}},"loc":{"start":{"line":1,"column":41},"end":{"line":2,"column":1}},"line":1}},"branchMap":{},"s":{},"f":{"0":0},"b":{},"hash":"0abe0c4f6b9dbb0dea44288a0704c27537fcedc0"}
,"/home/florian/Documents/softozor/chassotrezor/src/store/module-example/index.js": {"path":"/home/florian/Documents/softozor/chassotrezor/src/store/module-example/index.js","statementMap":{},"fnMap":{},"branchMap":{},"s":{},"f":{},"b":{},"hash":"fadcf17b49b3d43820b979608611363e276ce37f"}
,"/home/florian/Documents/softozor/chassotrezor/src/store/module-example/mutations.js": {"path":"/home/florian/Documents/softozor/chassotrezor/src/store/module-example/mutations.js","statementMap":{},"fnMap":{"0":{"name":"someMutation","decl":{"start":{"line":1,"column":16},"end":{"line":1,"column":28}},"loc":{"start":{"line":1,"column":43},"end":{"line":2,"column":1}},"line":1}},"branchMap":{},"s":{},"f":{"0":0},"b":{},"hash":"412de25bb04cb94000df11a03282d4ef9ab4353e"}
,"/home/florian/Documents/softozor/chassotrezor/src/store/module-example/state.js": {"path":"/home/florian/Documents/softozor/chassotrezor/src/store/module-example/state.js","statementMap":{"0":{"start":{"line":2,"column":2},"end":{"line":4,"column":3}}},"fnMap":{"0":{"name":"(anonymous_0)","decl":{"start":{"line":1,"column":15},"end":{"line":1,"column":16}},"loc":{"start":{"line":1,"column":27},"end":{"line":5,"column":1}},"line":1}},"branchMap":{},"s":{"0":0},"f":{"0":0},"b":{},"hash":"6d90cb5fd2dadb385bf75c755ee8641b8634a9a1"}
}
